SF:lib\core\network\network_info.dart
DA:9,1
DA:11,1
DA:12,2
LF:3
LH:3
end_of_record
SF:lib\core\constant\locale_db_keys.dart
DA:3,0
LF:1
LH:0
end_of_record
SF:lib\features\news\data\data_sources\article_locale_data_source.dart
DA:19,1
DA:23,0
DA:26,0
DA:29,0
DA:32,0
DA:36,1
DA:37,3
DA:38,1
DA:39,2
DA:42,1
DA:43,2
DA:45,1
DA:46,0
DA:47,1
LF:14
LH:9
end_of_record
SF:lib\features\news\data\models\article_model.dart
DA:4,4
DA:11,2
DA:20,4
DA:21,2
DA:22,2
DA:23,2
DA:24,2
DA:25,2
DA:26,2
DA:29,2
DA:30,1
DA:31,1
DA:32,1
DA:33,1
DA:34,1
DA:35,1
LF:16
LH:16
end_of_record
SF:lib\features\news\domain\entities\article_entity.dart
DA:11,6
DA:20,2
DA:21,14
LF:3
LH:3
end_of_record
SF:lib\core\exceptions\failure.dart
DA:5,1
DA:6,1
DA:7,1
LF:3
LH:3
end_of_record
SF:lib\features\news\domain\repositories\article_repository.dart
DA:5,4
LF:1
LH:1
end_of_record
SF:lib\features\news\data\repositories\article_repository_impl.dart
DA:15,1
DA:22,1
DA:24,1
DA:25,3
DA:29,1
DA:31,4
DA:34,1
DA:36,3
DA:38,2
DA:39,2
DA:40,1
DA:41,1
DA:42,2
DA:46,3
DA:47,1
DA:48,1
DA:49,2
LF:17
LH:17
end_of_record
SF:lib\features\news\domain\use_cases\get_article_by_category_usecase.dart
DA:11,1
DA:14,1
DA:15,3
DA:23,1
DA:25,0
DA:26,0
LF:6
LH:4
end_of_record
SF:lib\core\usecases\use_case.dart
DA:10,0
DA:11,0
LF:2
LH:0
end_of_record
SF:lib\features\news\domain\use_cases\get_article_by_query_use_case.dart
DA:11,1
DA:14,1
DA:15,3
DA:25,1
DA:27,0
DA:28,0
LF:6
LH:4
end_of_record
